app/build/outputs/logs/manifest-merger-debug-report.txt
-- Merging decision tree log ---
manifest
ADDED from src/main/AndroidManifest.xml:2:1-47:12
	package
		ADDED from src/main/AndroidManifest.xml:3:5-48
		INJECTED from src/main/AndroidManifest.xml
		INJECTED from src/main/AndroidManifest.xml
	android:versionName
		INJECTED from src/main/AndroidManifest.xml
		INJECTED from src/main/AndroidManifest.xml
	xmlns:android
		ADDED from src/main/AndroidManifest.xml:2:11-69
	android:versionCode
		INJECTED from src/main/AndroidManifest.xml
		INJECTED from src/main/AndroidManifest.xml
uses-permission#com.google.android.gms.permission.ACTIVITY_RECOGNITION
ADDED from src/main/AndroidManifest.xml:5:5-94
	android:name
		ADDED from src/main/AndroidManifest.xml:5:22-91
uses-permission#com.google.android.providers.gsf.permission.READ_GSERVICES
ADDED from src/main/AndroidManifest.xml:6:5-98
	android:name
		ADDED from src/main/AndroidManifest.xml:6:22-95
uses-permission#android.permission.INTERNET
ADDED from src/main/AndroidManifest.xml:7:5-67
MERGED from [com.google.android.gms:play-services-maps:10.0.1] AndroidManifest.xml:20:5-66
	android:name
		ADDED from src/main/AndroidManifest.xml:7:22-64
uses-permission#android.permission.ACCESS_FINE_LOCATION
ADDED from src/main/AndroidManifest.xml:8:5-79
	android:name
		ADDED from src/main/AndroidManifest.xml:8:22-76
uses-permission#android.permission.READ_EXTERNAL_STORAGE
ADDED from src/main/AndroidManifest.xml:9:5-80
	android:name
		ADDED from src/main/AndroidManifest.xml:9:22-77
uses-permission#android.permission.WRITE_EXTERNAL_STORAGE
ADDED from src/main/AndroidManifest.xml:10:5-81
	android:name
		ADDED from src/main/AndroidManifest.xml:10:22-78
uses-permission#android.permission.READ_PHONE_STATE
ADDED from src/main/AndroidManifest.xml:11:5-75
	android:name
		ADDED from src/main/AndroidManifest.xml:11:22-72
uses-permission#android.permission.VIBRATE
ADDED from src/main/AndroidManifest.xml:12:5-66
	android:name
		ADDED from src/main/AndroidManifest.xml:12:22-63
application
ADDED from src/main/AndroidManifest.xml:14:5-45:19
MERGED from [com.android.support:appcompat-v7:24.2.1] AndroidManifest.xml:25:5-20
MERGED from [com.android.support:animated-vector-drawable:24.2.1] AndroidManifest.xml:22:5-20
MERGED from [com.android.support:support-vector-drawable:24.2.1] AndroidManifest.xml:23:5-20
MERGED from [com.google.android.gms:play-services-awareness:10.0.1] AndroidManifest.xml:18:5-19
MERGED from [com.google.android.gms:play-services-nearby:10.0.1] AndroidManifest.xml:5:5-19
MERGED from [com.google.android.gms:play-services-location:10.0.1] AndroidManifest.xml:4:5-19
MERGED from [com.google.android.gms:play-services-places:10.0.1] AndroidManifest.xml:18:5-19
MERGED from [com.google.android.gms:play-services-maps:10.0.1] AndroidManifest.xml:24:5-19
MERGED from [com.google.android.gms:play-services-base:10.0.1] AndroidManifest.xml:18:5-20:19
MERGED from [com.google.android.gms:play-services-tasks:10.0.1] AndroidManifest.xml:4:5-19
MERGED from [com.google.android.gms:play-services-basement:10.0.1] AndroidManifest.xml:19:5-21:19
MERGED from [com.android.support:support-v4:24.2.1] AndroidManifest.xml:25:5-20
MERGED from [com.android.support:support-fragment:24.2.1] AndroidManifest.xml:25:5-20
MERGED from [com.android.support:support-media-compat:24.2.1] AndroidManifest.xml:25:5-20
MERGED from [com.android.support:support-core-ui:24.2.1] AndroidManifest.xml:25:5-20
MERGED from [com.android.support:support-core-utils:24.2.1] AndroidManifest.xml:25:5-20
MERGED from [com.android.support:support-compat:24.2.1] AndroidManifest.xml:25:5-20
	android:label
		ADDED from src/main/AndroidManifest.xml:16:9-41
	android:supportsRtl
		ADDED from src/main/AndroidManifest.xml:17:9-35
	android:icon
		ADDED from src/main/AndroidManifest.xml:15:9-43
	android:theme
		ADDED from src/main/AndroidManifest.xml:18:9-40
activity#com.example.nascimento.testeaware.ListRecipesActivity
ADDED from src/main/AndroidManifest.xml:19:9-25:20
	android:name
		ADDED from src/main/AndroidManifest.xml:19:19-54
intent-filter#android.intent.action.MAIN+android.intent.category.LAUNCHER
ADDED from src/main/AndroidManifest.xml:20:13-24:29
action#android.intent.action.MAIN
ADDED from src/main/AndroidManifest.xml:21:17-69
	android:name
		ADDED from src/main/AndroidManifest.xml:21:25-66
category#android.intent.category.LAUNCHER
ADDED from src/main/AndroidManifest.xml:23:17-77
	android:name
		ADDED from src/main/AndroidManifest.xml:23:27-74
activity#com.example.nascimento.testeaware.ConfigurationActivity
ADDED from src/main/AndroidManifest.xml:27:9-59
	android:name
		ADDED from src/main/AndroidManifest.xml:27:19-56
service#com.example.nascimento.testeaware.MyService
ADDED from src/main/AndroidManifest.xml:29:9-46
	android:name
		ADDED from src/main/AndroidManifest.xml:29:18-43
receiver#com.example.nascimento.testeaware.MyBroadcastReceiver
ADDED from src/main/AndroidManifest.xml:31:9-57
	android:name
		ADDED from src/main/AndroidManifest.xml:31:19-54
meta-data#com.google.android.gms.version
ADDED from src/main/AndroidManifest.xml:33:9-35:69
MERGED from [com.google.android.gms:play-services-basement:10.0.1] AndroidManifest.xml:20:9-121
	android:value
		ADDED from src/main/AndroidManifest.xml:35:13-66
	android:name
		ADDED from src/main/AndroidManifest.xml:34:13-58
meta-data#com.google.android.awareness.API_KEY
ADDED from src/main/AndroidManifest.xml:36:9-38:71
	android:value
		ADDED from src/main/AndroidManifest.xml:38:13-68
	android:name
		ADDED from src/main/AndroidManifest.xml:37:13-64
meta-data#com.google.android.geo.API_KEY
ADDED from src/main/AndroidManifest.xml:39:9-41:71
	android:value
		ADDED from src/main/AndroidManifest.xml:41:13-68
	android:name
		ADDED from src/main/AndroidManifest.xml:40:13-58
meta-data#com.google.android.nearby.messages.API_KEY
ADDED from src/main/AndroidManifest.xml:42:9-44:71
	android:value
		ADDED from src/main/AndroidManifest.xml:44:13-68
	android:name
		ADDED from src/main/AndroidManifest.xml:43:13-70
uses-sdk
INJECTED from src/main/AndroidManifest.xml reason: use-sdk injection requested
MERGED from [com.android.support:appcompat-v7:24.2.1] AndroidManifest.xml:21:5-23:78
MERGED from [com.android.support:animated-vector-drawable:24.2.1] AndroidManifest.xml:20:5-44
MERGED from [com.android.support:support-vector-drawable:24.2.1] AndroidManifest.xml:21:5-43
MERGED from [com.google.android.gms:play-services-awareness:10.0.1] AndroidManifest.xml:17:5-42
MERGED from [com.google.android.gms:play-services-nearby:10.0.1] AndroidManifest.xml:3:5-42
MERGED from [com.google.android.gms:play-services-location:10.0.1] AndroidManifest.xml:3:5-42
MERGED from [com.google.android.gms:play-services-places:10.0.1] AndroidManifest.xml:17:5-42
MERGED from [com.google.android.gms:play-services-maps:10.0.1] AndroidManifest.xml:23:5-42
MERGED from [com.google.android.gms:play-services-base:10.0.1] AndroidManifest.xml:17:5-42
MERGED from [com.google.android.gms:play-services-tasks:10.0.1] AndroidManifest.xml:3:5-42
MERGED from [com.google.android.gms:play-services-basement:10.0.1] AndroidManifest.xml:17:5-42
MERGED from [com.android.support:support-v4:24.2.1] AndroidManifest.xml:21:5-23:54
MERGED from [com.android.support:support-fragment:24.2.1] AndroidManifest.xml:21:5-23:60
MERGED from [com.android.support:support-media-compat:24.2.1] AndroidManifest.xml:21:5-23:63
MERGED from [com.android.support:support-core-ui:24.2.1] AndroidManifest.xml:21:5-23:58
MERGED from [com.android.support:support-core-utils:24.2.1] AndroidManifest.xml:21:5-23:61
MERGED from [com.android.support:support-compat:24.2.1] AndroidManifest.xml:21:5-23:58
	tools:overrideLibrary
		ADDED from [com.android.support:appcompat-v7:24.2.1] AndroidManifest.xml:23:9-75
	android:targetSdkVersion
		INJECTED from src/main/AndroidManifest.xml
		INJECTED from src/main/AndroidManifest.xml
	android:minSdkVersion
		INJECTED from src/main/AndroidManifest.xml
		INJECTED from src/main/AndroidManifest.xml
uses-permission#android.permission.ACCESS_NETWORK_STATE
ADDED from [com.google.android.gms:play-services-nearby:10.0.1] AndroidManifest.xml:4:5-78
MERGED from [com.google.android.gms:play-services-maps:10.0.1] AndroidManifest.xml:19:5-78
	android:name
		ADDED from [com.google.android.gms:play-services-nearby:10.0.1] AndroidManifest.xml:4:22-76
uses-feature#0x00020000
ADDED from [com.google.android.gms:play-services-maps:10.0.1] AndroidManifest.xml:21:5-77
	android:glEsVersion
		ADDED from [com.google.android.gms:play-services-maps:10.0.1] AndroidManifest.xml:21:19-51
	android:required
		ADDED from [com.google.android.gms:play-services-maps:10.0.1] AndroidManifest.xml:21:52-75
activity#com.google.android.gms.common.api.GoogleApiActivity
ADDED from [com.google.android.gms:play-services-base:10.0.1] AndroidManifest.xml:19:9-172
	android:exported
		ADDED from [com.google.android.gms:play-services-base:10.0.1] AndroidManifest.xml:19:146-170
	android:theme
		ADDED from [com.google.android.gms:play-services-base:10.0.1] AndroidManifest.xml:19:86-145
	android:name
		ADDED from [com.google.android.gms:play-services-base:10.0.1] AndroidManifest.xml:19:19-85